<?xml version="1.0" encoding="UTF-8"?>
<!-- Generated by org.testng.reporters.JUnitXMLReporter -->
<testsuite ignored="4" hostname="DESKTOP-BIEA88R" failures="0" tests="3" name="Test" time="67.407" errors="0" timestamp="2022-08-22T17:30:33 IST">
  <testcase classname="com.edu.AdmissionFormTest.POM_VerifyIncomeParents" name="testIncome" time="0.157"/>
  <testcase classname="com.edu.AdmissionFormTest.POM_VerifyFatherOccupation" name="verifyFatherOcup" time="0.065"/>
  <testcase classname="com.edu.AdmissionFormTest.POM_VerifyPin" name="pOM_VerifyPin" time="0.048"/>
  <testcase classname="com.edu.OnlineAddmissionSystem.genericutility.BaseClass" name="@BeforeSuite configBS" time="0.0">
    <ignored/>
  </testcase> <!-- @BeforeSuite configBS -->
  <testcase classname="com.edu.OnlineAddmissionSystem.genericutility.BaseClass" name="@BeforeSuite configBS" time="0.0">
    <ignored/>
  </testcase> <!-- @BeforeSuite configBS -->
  <testcase classname="com.edu.OnlineAddmissionSystem.genericutility.BaseClass" name="@AfterSuite configAS" time="0.0">
    <ignored/>
  </testcase> <!-- @AfterSuite configAS -->
  <testcase classname="com.edu.OnlineAddmissionSystem.genericutility.BaseClass" name="@AfterSuite configAS" time="0.0">
    <ignored/>
  </testcase> <!-- @AfterSuite configAS -->
</testsuite> <!-- Test -->
