<?xml version="1.0" encoding="UTF-8"?>
<!-- Generated by org.testng.reporters.JUnitXMLReporter -->
<testsuite ignored="2" hostname="DESKTOP-BIEA88R" failures="0" tests="2" name="TestRunner2" time="132.632" errors="0" timestamp="2022-08-19T11:16:44 IST">
  <testcase classname="com.edu.AdmissionFormTest.POM_VerifyPin" name="pOM_VerifyPin" time="0.193"/>
  <testcase classname="com.edu.AdmissionFormTest.VerifyFatherNameWith_POM" name="testFatherName" time="0.06"/>
  <testcase classname="com.edu.OnlineAddmissionSystem.genericutility.BaseClass" name="@BeforeSuite configBS" time="0.0">
    <ignored/>
  </testcase> <!-- @BeforeSuite configBS -->
  <testcase classname="com.edu.OnlineAddmissionSystem.genericutility.BaseClass" name="@AfterSuite configAS" time="0.0">
    <ignored/>
  </testcase> <!-- @AfterSuite configAS -->
</testsuite> <!-- TestRunner2 -->
