<?xml version="1.0" encoding="UTF-8"?>
<!-- Generated by org.testng.reporters.JUnitXMLReporter -->
<testsuite ignored="10" hostname="DESKTOP-BIEA88R" failures="0" tests="6" name="Test" time="131.955" errors="0" timestamp="2022-08-17T16:28:56 IST">
  <testcase classname="com.edu.AdmissionFormTest.CreateAppTest_POM" name="TestApp" time="6.108"/>
  <testcase classname="com.edu.AdmissionFormTest.TestOurAllTestScript" name="TestApp" time="11.021"/>
  <testcase classname="com.edu.AdmissionFormTest.POM_VerifyIncomeParents" name="testIncome" time="0.045"/>
  <testcase classname="com.edu.AdmissionFormTest.POM_VerifyFatherOccupation" name="verifyFatherOcup" time="0.051"/>
  <testcase classname="com.edu.AdmissionFormTest.POM_VerifyPin" name="pOM_VerifyPin" time="0.035"/>
  <testcase classname="com.edu.AdmissionFormTest.VerifyFatherNameWith_POM" name="testFatherName" time="0.032"/>
  <testcase classname="com.edu.OnlineAddmissionSystem.genericutility.BaseClass" name="@BeforeSuite configBS" time="0.0">
    <ignored/>
  </testcase> <!-- @BeforeSuite configBS -->
  <testcase classname="com.edu.OnlineAddmissionSystem.genericutility.BaseClass" name="@BeforeSuite configBS" time="0.0">
    <ignored/>
  </testcase> <!-- @BeforeSuite configBS -->
  <testcase classname="com.edu.OnlineAddmissionSystem.genericutility.BaseClass" name="@BeforeSuite configBS" time="0.0">
    <ignored/>
  </testcase> <!-- @BeforeSuite configBS -->
  <testcase classname="com.edu.OnlineAddmissionSystem.genericutility.BaseClass" name="@BeforeSuite configBS" time="0.0">
    <ignored/>
  </testcase> <!-- @BeforeSuite configBS -->
  <testcase classname="com.edu.OnlineAddmissionSystem.genericutility.BaseClass" name="@BeforeSuite configBS" time="0.0">
    <ignored/>
  </testcase> <!-- @BeforeSuite configBS -->
  <testcase classname="com.edu.OnlineAddmissionSystem.genericutility.BaseClass" name="@AfterSuite configAS" time="0.0">
    <ignored/>
  </testcase> <!-- @AfterSuite configAS -->
  <testcase classname="com.edu.OnlineAddmissionSystem.genericutility.BaseClass" name="@AfterSuite configAS" time="0.0">
    <ignored/>
  </testcase> <!-- @AfterSuite configAS -->
  <testcase classname="com.edu.OnlineAddmissionSystem.genericutility.BaseClass" name="@AfterSuite configAS" time="0.0">
    <ignored/>
  </testcase> <!-- @AfterSuite configAS -->
  <testcase classname="com.edu.OnlineAddmissionSystem.genericutility.BaseClass" name="@AfterSuite configAS" time="0.0">
    <ignored/>
  </testcase> <!-- @AfterSuite configAS -->
  <testcase classname="com.edu.OnlineAddmissionSystem.genericutility.BaseClass" name="@AfterSuite configAS" time="0.0">
    <ignored/>
  </testcase> <!-- @AfterSuite configAS -->
</testsuite> <!-- Test -->
