<?xml version="1.0" encoding="UTF-8"?>
<testng-results ignored="0" total="1" passed="1" failed="0" skipped="0">
  <reporter-output>
  </reporter-output>
  <suite started-at="2022-08-23T16:16:01 IST" name="Default suite" finished-at="2022-08-23T16:16:15 IST" duration-ms="13600">
    <groups>
    </groups>
    <test started-at="2022-08-23T16:16:01 IST" name="Default test" finished-at="2022-08-23T16:16:15 IST" duration-ms="13600">
      <class name="com.edu.AdmissionFormTest.VerifyFatherNameWith_POM_Test">
        <test-method is-config="true" signature="configBS()[pri:0, instance:com.edu.AdmissionFormTest.VerifyFatherNameWith_POM_Test@4d154ccd]" started-at="2022-08-23T16:16:01 IST" name="configBS" finished-at="2022-08-23T16:16:01 IST" duration-ms="7" status="PASS">
          <reporter-output>
          </reporter-output>
        </test-method> <!-- configBS -->
        <test-method is-config="true" signature="configBC()[pri:0, instance:com.edu.AdmissionFormTest.VerifyFatherNameWith_POM_Test@4d154ccd]" started-at="2022-08-23T16:16:01 IST" name="configBC" finished-at="2022-08-23T16:16:07 IST" duration-ms="5388" status="PASS">
          <reporter-output>
          </reporter-output>
        </test-method> <!-- configBC -->
        <test-method is-config="true" signature="configBM()[pri:0, instance:com.edu.AdmissionFormTest.VerifyFatherNameWith_POM_Test@4d154ccd]" started-at="2022-08-23T16:16:07 IST" name="configBM" finished-at="2022-08-23T16:16:14 IST" duration-ms="7412" status="PASS">
          <reporter-output>
          </reporter-output>
        </test-method> <!-- configBM -->
        <test-method signature="testFatherName()[pri:0, instance:com.edu.AdmissionFormTest.VerifyFatherNameWith_POM_Test@4d154ccd]" started-at="2022-08-23T16:16:14 IST" name="testFatherName" finished-at="2022-08-23T16:16:14 IST" duration-ms="119" status="PASS">
          <reporter-output>
          </reporter-output>
        </test-method> <!-- testFatherName -->
        <test-method is-config="true" signature="configAM()[pri:0, instance:com.edu.AdmissionFormTest.VerifyFatherNameWith_POM_Test@4d154ccd]" started-at="2022-08-23T16:16:14 IST" name="configAM" finished-at="2022-08-23T16:16:14 IST" duration-ms="2" status="PASS">
          <reporter-output>
          </reporter-output>
        </test-method> <!-- configAM -->
        <test-method is-config="true" signature="configAC()[pri:0, instance:com.edu.AdmissionFormTest.VerifyFatherNameWith_POM_Test@4d154ccd]" started-at="2022-08-23T16:16:14 IST" name="configAC" finished-at="2022-08-23T16:16:15 IST" duration-ms="645" status="PASS">
          <reporter-output>
          </reporter-output>
        </test-method> <!-- configAC -->
        <test-method is-config="true" signature="configAS()[pri:0, instance:com.edu.AdmissionFormTest.VerifyFatherNameWith_POM_Test@4d154ccd]" started-at="2022-08-23T16:16:15 IST" name="configAS" finished-at="2022-08-23T16:16:15 IST" duration-ms="1" status="PASS">
          <reporter-output>
          </reporter-output>
        </test-method> <!-- configAS -->
      </class> <!-- com.edu.AdmissionFormTest.VerifyFatherNameWith_POM_Test -->
    </test> <!-- Default test -->
  </suite> <!-- Default suite -->
</testng-results>
