<?xml version="1.0" encoding="UTF-8"?>
<!-- Generated by org.testng.reporters.JUnitXMLReporter -->
<testsuite ignored="0" hostname="DESKTOP-BIEA88R" failures="0" tests="18" name="TestRunner2" time="0.241" errors="0" timestamp="2022-08-22T16:43:38 IST">
  <testcase classname="org.SDET.PreacticeWIthTestNG.Booking" name="bookingTest" time="0.009"/>
  <testcase classname="org.SDET.PreacticeWIthTestNG.Booking" name="bookingTest" time="0.003"/>
  <testcase classname="org.SDET.PreacticeWIthTestNG.Booking" name="bookingTest" time="0.003"/>
  <testcase classname="org.SDET.PreacticeWIthTestNG.Booking" name="bookingTest" time="0.003"/>
  <testcase classname="org.SDET.PreacticeWIthTestNG.Booking" name="bookingTest" time="0.002"/>
  <testcase classname="org.SDET.PreacticeWIthTestNG.Booking" name="bookingTest" time="0.002"/>
  <testcase classname="org.SDET.PreacticeWIthTestNG.Booking" name="bookingTest" time="0.004"/>
  <testcase classname="org.SDET.PreacticeWIthTestNG.CreateOrgTest" name="close" time="0.006"/>
  <testcase classname="org.SDET.PreacticeWIthTestNG.CreateOrgTest" name="closeWindow" time="0.002"/>
  <testcase classname="org.SDET.PreacticeWIthTestNG.CreateOrgTest" name="configBC" time="0.001"/>
  <testcase classname="org.SDET.PreacticeWIthTestNG.CreateOrgTest" name="configureAM" time="0.002"/>
  <testcase classname="org.SDET.PreacticeWIthTestNG.CreateOrgTest" name="createOrgTest" time="0.002"/>
  <testcase classname="org.SDET.PreacticeWIthTestNG.CreateOrgTest" name="createOrgwithValidDocument" time="0.004"/>
  <testcase classname="org.SDET.PreacticeWIthTestNG.CustomerPriority" name="deleteCustomerTest" time="0.001"/>
  <testcase classname="org.SDET.PreacticeWIthTestNG.CustomerDependency" name="modifyCustomerTest" time="0.005"/>
  <testcase classname="org.SDET.PreacticeWIthTestNG.CustomerDependency" name="deleteCustomerTest" time="0.049"/>
  <testcase classname="org.SDET.PreacticeWIthTestNG.CustomerPriority" name="createCustomerTest" time="0.002"/>
  <testcase classname="org.SDET.PreacticeWIthTestNG.CustomerPriority" name="modifyCustomerTest" time="0.001"/>
</testsuite> <!-- TestRunner2 -->
