<?xml version="1.0" encoding="UTF-8"?>
<!-- Generated by org.testng.reporters.JUnitXMLReporter -->
<testsuite ignored="0" hostname="DESKTOP-BIEA88R" failures="0" tests="8" name="Test" time="0.115" errors="0" timestamp="2022-08-17T12:51:40 IST">
  <testcase classname="org.SDET.Practice_3.CreateProduct" name="crtProduct" time="0.012"/>
  <testcase classname="org.SDET.Practice_3.DeleteProduct" name="delProduct" time="0.009"/>
  <testcase classname="org.SDET.Practice_2.DeleteContact" name="delContact" time="0.002"/>
  <testcase classname="org.SDET.Practice_1.DeleteAccount" name="delete" time="0.001"/>
  <testcase classname="org.SDET.Practice_2.CreateContact" name="crtcontact" time="0.001"/>
  <testcase classname="org.SDET.Practice_2.ModifyContact" name="modContact" time="0.001"/>
  <testcase classname="org.SDET.Practice_1.CreateAccount" name="create" time="0.003"/>
  <testcase classname="org.SDET.Practice_3.ModifyProduct" name="modProduct" time="0.005"/>
</testsuite> <!-- Test -->
